app/build/intermediates/manifest_merge_blame_file/debug/manifest-merger-blame-debug-report.txt
1<?xml version="1.0" encoding="utf-8"?>
2<manifest xmlns:android="http://schemas.android.com/apk/res/android"
3    package="www.bmsit.loginatuh"
4    android:versionCode="1"
5    android:versionName="1.0" >
6
7    <uses-sdk
8        android:minSdkVersion="26"
8-->src\main\AndroidManifest.xml
9        android:targetSdkVersion="30" />
9-->src\main\AndroidManifest.xml
10
11    <application
11-->src\main\AndroidManifest.xml:5:5-30:19
12        android:allowBackup="true"
12-->src\main\AndroidManifest.xml:6:9-35
13        android:appComponentFactory="androidx.core.app.CoreComponentFactory"
13-->[androidx.core:core:1.3.1] AndroidManifest.xml:24:18-86
14        android:debuggable="true"
15        android:extractNativeLibs="false"
16        android:icon="@mipmap/ic_launcher"
16-->src\main\AndroidManifest.xml:7:9-43
17        android:label="@string/app_name"
17-->src\main\AndroidManifest.xml:8:9-41
18        android:roundIcon="@mipmap/ic_launcher_round"
18-->src\main\AndroidManifest.xml:9:9-54
19        android:supportsRtl="true"
19-->src\main\AndroidManifest.xml:10:9-35
20        android:theme="@style/AppTheme" >
20-->src\main\AndroidManifest.xml:11:9-40
21        <activity
21-->src\main\AndroidManifest.xml:12:9-19:20
22            android:name="www.bmsit.loginatuh.MainActivity2"
22-->src\main\AndroidManifest.xml:13:13-42
23            android:label="@string/title_activity_main2"
23-->src\main\AndroidManifest.xml:14:13-57
24            android:screenOrientation="portrait"
24-->src\main\AndroidManifest.xml:16:13-49
25            android:theme="@style/AppTheme.NoActionBar" >
25-->src\main\AndroidManifest.xml:15:13-56
26        </activity>
27        <activity
27-->src\main\AndroidManifest.xml:20:9-86
28            android:name="www.bmsit.loginatuh.RegisterPage"
28-->src\main\AndroidManifest.xml:20:19-47
29            android:screenOrientation="portrait" />
29-->src\main\AndroidManifest.xml:20:48-84
30        <activity
30-->src\main\AndroidManifest.xml:21:9-83
31            android:name="www.bmsit.loginatuh.LoginPage"
31-->src\main\AndroidManifest.xml:21:19-44
32            android:screenOrientation="portrait" />
32-->src\main\AndroidManifest.xml:21:45-81
33        <activity
33-->src\main\AndroidManifest.xml:22:9-82
34            android:name="www.bmsit.loginatuh.AuthMain"
34-->src\main\AndroidManifest.xml:22:19-43
35            android:screenOrientation="portrait" />
35-->src\main\AndroidManifest.xml:22:44-80
36        <activity
36-->src\main\AndroidManifest.xml:23:9-29:20
37            android:name="www.bmsit.loginatuh.MainActivity"
37-->src\main\AndroidManifest.xml:23:19-47
38            android:screenOrientation="portrait" >
38-->src\main\AndroidManifest.xml:23:48-84
39            <intent-filter>
39-->src\main\AndroidManifest.xml:24:13-28:29
40                <action android:name="android.intent.action.MAIN" />
40-->src\main\AndroidManifest.xml:25:17-69
40-->src\main\AndroidManifest.xml:25:25-66
41
42                <category android:name="android.intent.category.LAUNCHER" />
42-->src\main\AndroidManifest.xml:27:17-77
42-->src\main\AndroidManifest.xml:27:27-74
43            </intent-filter>
44        </activity>
45
46        <provider
46-->[androidx.lifecycle:lifecycle-process:2.1.0] AndroidManifest.xml:23:9-27:43
47            android:name="androidx.lifecycle.ProcessLifecycleOwnerInitializer"
47-->[androidx.lifecycle:lifecycle-process:2.1.0] AndroidManifest.xml:24:13-79
48            android:authorities="www.bmsit.loginatuh.lifecycle-process"
48-->[androidx.lifecycle:lifecycle-process:2.1.0] AndroidManifest.xml:25:13-69
49            android:exported="false"
49-->[androidx.lifecycle:lifecycle-process:2.1.0] AndroidManifest.xml:26:13-37
50            android:multiprocess="true" />
50-->[androidx.lifecycle:lifecycle-process:2.1.0] AndroidManifest.xml:27:13-40
51    </application>
52
53</manifest>